TN:
SF:src\app.ts
FN:27,(anonymous_1)
FN:30,(anonymous_2)
FNF:2
FNH:1
FNDA:1,(anonymous_1)
FNDA:0,(anonymous_2)
DA:1,1
DA:2,1
DA:3,1
DA:4,1
DA:5,1
DA:6,1
DA:7,1
DA:8,1
DA:10,1
DA:12,1
DA:15,1
DA:18,1
DA:20,1
DA:23,1
DA:25,1
DA:28,1
DA:31,0
DA:34,1
LF:18
LH:17
BRF:0
BRH:0
end_of_record
TN:
SF:src\api\controllers\auth.controller.ts
FN:10,(anonymous_7)
FN:12,(anonymous_8)
FN:12,(anonymous_9)
FN:33,(anonymous_10)
FN:33,(anonymous_11)
FN:55,(anonymous_12)
FN:55,(anonymous_13)
FN:79,(anonymous_14)
FN:79,(anonymous_15)
FNF:9
FNH:1
FNDA:1,(anonymous_7)
FNDA:0,(anonymous_8)
FNDA:0,(anonymous_9)
FNDA:0,(anonymous_10)
FNDA:0,(anonymous_11)
FNDA:0,(anonymous_12)
FNDA:0,(anonymous_13)
FNDA:0,(anonymous_14)
FNDA:0,(anonymous_15)
DA:5,1
DA:6,1
DA:7,1
DA:9,1
DA:10,1
DA:12,1
DA:13,0
DA:14,0
DA:15,0
DA:16,0
DA:17,0
DA:21,0
DA:29,0
DA:33,1
DA:34,0
DA:35,0
DA:36,0
DA:37,0
DA:38,0
DA:42,0
DA:50,0
DA:55,1
DA:56,0
DA:57,0
DA:58,0
DA:59,0
DA:65,0
DA:67,0
DA:68,0
DA:70,0
DA:79,1
DA:80,0
LF:32
LH:9
BRDA:16,0,0,0
BRDA:16,0,1,0
BRDA:37,1,0,0
BRDA:37,1,1,0
BRDA:57,2,0,0
BRDA:57,2,1,0
BRDA:57,3,0,0
BRDA:57,3,1,0
BRDA:58,4,0,0
BRF:9
BRH:0
end_of_record
TN:
SF:src\api\controllers\project.controller.ts
FN:12,(anonymous_8)
FN:14,(anonymous_9)
FN:14,(anonymous_10)
FN:46,(anonymous_11)
FN:46,(anonymous_12)
FN:81,(anonymous_13)
FN:81,(anonymous_14)
FN:106,(anonymous_15)
FN:106,(anonymous_16)
FN:130,(anonymous_17)
FN:130,(anonymous_18)
FN:157,(anonymous_19)
FN:157,(anonymous_20)
FNF:13
FNH:1
FNDA:1,(anonymous_8)
FNDA:0,(anonymous_9)
FNDA:0,(anonymous_10)
FNDA:0,(anonymous_11)
FNDA:0,(anonymous_12)
FNDA:0,(anonymous_13)
FNDA:0,(anonymous_14)
FNDA:0,(anonymous_15)
FNDA:0,(anonymous_16)
FNDA:0,(anonymous_17)
FNDA:0,(anonymous_18)
FNDA:0,(anonymous_19)
FNDA:0,(anonymous_20)
DA:1,1
DA:5,1
DA:6,1
DA:7,1
DA:8,1
DA:9,1
DA:11,1
DA:12,1
DA:14,1
DA:15,0
DA:16,0
DA:17,0
DA:18,0
DA:19,0
DA:25,0
DA:26,0
DA:28,0
DA:30,0
DA:34,0
DA:42,0
DA:46,1
DA:47,0
DA:48,0
DA:49,0
DA:60,0
DA:66,0
DA:69,0
DA:71,0
DA:77,0
DA:81,1
DA:82,0
DA:83,0
DA:84,0
DA:86,0
DA:87,0
DA:95,0
DA:97,0
DA:102,0
DA:106,1
DA:107,0
DA:108,0
DA:109,0
DA:110,0
DA:111,0
DA:119,0
DA:121,0
DA:126,0
DA:130,1
DA:131,0
DA:132,0
DA:134,0
DA:135,0
DA:143,0
DA:146,0
DA:148,0
DA:153,0
DA:157,1
DA:158,0
DA:159,0
DA:160,0
DA:163,0
DA:164,0
DA:166,0
DA:167,0
DA:175,0
DA:180,0
DA:181,0
DA:189,0
DA:192,0
DA:194,0
DA:200,0
LF:71
LH:14
BRDA:18,0,0,0
BRDA:26,1,0,0
BRDA:26,1,1,0
BRDA:49,2,0,0
BRDA:50,3,0,0
BRDA:50,3,1,0
BRDA:86,4,0,0
BRDA:110,5,0,0
BRDA:134,6,0,0
BRDA:163,7,0,0
BRDA:166,8,0,0
BRDA:180,9,0,0
BRF:12
BRH:0
end_of_record
TN:
SF:src\api\controllers\task.controller.ts
FN:13,(anonymous_8)
FN:17,(anonymous_9)
FN:17,(anonymous_10)
FN:49,(anonymous_11)
FN:49,(anonymous_12)
FN:84,(anonymous_13)
FN:84,(anonymous_14)
FN:109,(anonymous_15)
FN:109,(anonymous_16)
FN:150,(anonymous_17)
FN:150,(anonymous_18)
FN:175,(anonymous_19)
FN:175,(anonymous_20)
FN:202,(anonymous_21)
FN:202,(anonymous_22)
FNF:15
FNH:13
FNDA:1,(anonymous_8)
FNDA:0,(anonymous_9)
FNDA:0,(anonymous_10)
FNDA:1,(anonymous_11)
FNDA:1,(anonymous_12)
FNDA:1,(anonymous_13)
FNDA:1,(anonymous_14)
FNDA:1,(anonymous_15)
FNDA:1,(anonymous_16)
FNDA:1,(anonymous_17)
FNDA:1,(anonymous_18)
FNDA:1,(anonymous_19)
FNDA:1,(anonymous_20)
FNDA:1,(anonymous_21)
FNDA:1,(anonymous_22)
DA:1,1
DA:4,1
DA:6,1
DA:7,1
DA:8,1
DA:9,1
DA:10,1
DA:12,1
DA:13,1
DA:14,1
DA:17,1
DA:18,0
DA:19,0
DA:20,0
DA:21,0
DA:22,0
DA:28,0
DA:29,0
DA:31,0
DA:33,0
DA:37,0
DA:45,0
DA:49,1
DA:50,1
DA:51,1
DA:52,1
DA:63,0
DA:69,1
DA:72,1
DA:74,1
DA:80,0
DA:84,1
DA:85,1
DA:86,1
DA:87,1
DA:89,1
DA:90,1
DA:98,0
DA:100,0
DA:105,1
DA:109,1
DA:110,1
DA:111,1
DA:112,1
DA:123,0
DA:129,1
DA:130,1
DA:131,1
DA:139,0
DA:141,0
DA:146,1
DA:150,1
DA:151,1
DA:152,1
DA:153,1
DA:155,1
DA:156,1
DA:164,0
DA:166,0
DA:171,1
DA:175,1
DA:176,1
DA:177,1
DA:179,1
DA:180,1
DA:188,0
DA:191,0
DA:193,0
DA:198,1
DA:202,1
DA:203,1
DA:204,1
DA:205,1
DA:208,1
DA:209,1
DA:211,1
DA:212,0
DA:220,1
DA:222,1
DA:223,1
DA:231,0
DA:234,0
DA:236,0
DA:242,1
LF:84
LH:57
BRDA:21,0,0,0
BRDA:29,1,0,0
BRDA:29,1,1,0
BRDA:52,2,0,0
BRDA:53,3,0,1
BRDA:53,3,1,0
BRDA:89,4,0,1
BRDA:112,5,0,0
BRDA:113,6,0,1
BRDA:113,6,1,0
BRDA:130,7,0,1
BRDA:155,8,0,1
BRDA:179,9,0,1
BRDA:208,10,0,1
BRDA:211,11,0,0
BRDA:222,12,0,1
BRF:16
BRH:8
end_of_record
TN:
SF:src\api\controllers\user.controller.ts
FN:14,(anonymous_8)
FN:18,(anonymous_9)
FN:18,(anonymous_10)
FN:40,(anonymous_11)
FN:86,(anonymous_12)
FN:86,(anonymous_13)
FN:111,(anonymous_14)
FN:111,(anonymous_15)
FN:135,(anonymous_16)
FN:135,(anonymous_17)
FN:183,(anonymous_18)
FN:183,(anonymous_19)
FN:213,(anonymous_20)
FNF:13
FNH:1
FNDA:1,(anonymous_8)
FNDA:0,(anonymous_9)
FNDA:0,(anonymous_10)
FNDA:0,(anonymous_11)
FNDA:0,(anonymous_12)
FNDA:0,(anonymous_13)
FNDA:0,(anonymous_14)
FNDA:0,(anonymous_15)
FNDA:0,(anonymous_16)
FNDA:0,(anonymous_17)
FNDA:0,(anonymous_18)
FNDA:0,(anonymous_19)
FNDA:0,(anonymous_20)
DA:4,1
DA:6,1
DA:7,1
DA:8,1
DA:10,1
DA:11,1
DA:13,1
DA:14,1
DA:15,1
DA:18,1
DA:19,0
DA:20,0
DA:21,0
DA:32,0
DA:38,0
DA:40,0
DA:41,0
DA:45,0
DA:47,0
DA:53,0
DA:86,1
DA:87,0
DA:88,0
DA:89,0
DA:91,0
DA:92,0
DA:100,0
DA:102,0
DA:107,0
DA:111,1
DA:112,0
DA:113,0
DA:114,0
DA:115,0
DA:116,0
DA:124,0
DA:126,0
DA:131,0
DA:135,1
DA:136,0
DA:137,0
DA:138,0
DA:141,0
DA:142,0
DA:148,0
DA:149,0
DA:157,0
DA:159,0
DA:160,0
DA:168,0
DA:171,0
DA:173,0
DA:179,0
DA:183,1
DA:184,0
DA:187,0
DA:189,0
DA:190,0
DA:198,0
DA:201,0
DA:203,0
DA:208,0
DA:213,1
DA:214,0
LF:64
LH:15
BRDA:21,0,0,0
BRDA:22,1,0,0
BRDA:22,1,1,0
BRDA:91,2,0,0
BRDA:115,3,0,0
BRDA:141,4,0,0
BRDA:148,5,0,0
BRDA:159,6,0,0
BRDA:189,7,0,0
BRF:9
BRH:0
end_of_record
TN:
SF:src\api\middlewares\errorHandler.ts
FN:6,(anonymous_0)
FNF:1
FNH:1
FNDA:9,(anonymous_0)
DA:2,1
DA:3,1
DA:4,1
DA:6,1
DA:12,9
DA:13,0
DA:14,0
DA:17,9
DA:18,9
DA:19,9
DA:25,0
DA:26,0
LF:12
LH:8
BRDA:12,0,0,0
BRDA:17,1,0,9
BRDA:17,1,1,0
BRF:3
BRH:1
end_of_record
TN:
SF:src\api\routes\auth.router.ts
FN:21,(anonymous_8)
FN:21,(anonymous_9)
FN:34,(anonymous_10)
FN:34,(anonymous_11)
FNF:4
FNH:0
FNDA:0,(anonymous_8)
FNDA:0,(anonymous_9)
FNDA:0,(anonymous_10)
FNDA:0,(anonymous_11)
DA:1,1
DA:2,1
DA:3,1
DA:4,1
DA:5,1
DA:6,1
DA:11,1
DA:13,1
DA:14,1
DA:15,1
DA:18,1
DA:21,0
DA:22,0
DA:23,0
DA:25,0
DA:31,1
DA:34,0
DA:35,0
DA:36,0
DA:38,0
DA:47,1
LF:21
LH:13
BRF:0
BRH:0
end_of_record
TN:
SF:src\api\routes\index.router.ts
FN:38,(anonymous_8)
FN:42,(anonymous_9)
FN:66,(anonymous_10)
FN:66,(anonymous_11)
FN:83,(anonymous_12)
FNF:5
FNH:0
FNDA:0,(anonymous_8)
FNDA:0,(anonymous_9)
FNDA:0,(anonymous_10)
FNDA:0,(anonymous_11)
FNDA:0,(anonymous_12)
DA:1,1
DA:2,1
DA:3,1
DA:4,1
DA:5,1
DA:6,1
DA:7,1
DA:8,1
DA:9,1
DA:10,1
DA:11,1
DA:13,1
DA:15,1
DA:16,1
DA:17,1
DA:18,1
DA:38,1
DA:39,0
DA:42,1
DA:43,0
DA:44,0
DA:45,0
DA:46,0
DA:50,0
DA:57,0
DA:66,1
DA:67,0
DA:68,0
DA:69,0
DA:73,0
DA:83,1
DA:84,0
DA:91,1
LF:33
LH:21
BRDA:45,0,0,0
BRDA:45,0,1,0
BRDA:76,1,0,0
BRDA:76,1,1,0
BRDA:76,2,0,0
BRDA:76,2,1,0
BRDA:76,3,0,0
BRDA:76,3,1,0
BRF:8
BRH:0
end_of_record
TN:
SF:src\api\routes\project.router.ts
FN:20,(anonymous_8)
FN:20,(anonymous_9)
FN:33,(anonymous_10)
FN:33,(anonymous_11)
FN:48,(anonymous_12)
FN:48,(anonymous_13)
FN:62,(anonymous_14)
FN:62,(anonymous_15)
FN:76,(anonymous_16)
FN:76,(anonymous_17)
FN:89,(anonymous_18)
FN:89,(anonymous_19)
FNF:12
FNH:0
FNDA:0,(anonymous_8)
FNDA:0,(anonymous_9)
FNDA:0,(anonymous_10)
FNDA:0,(anonymous_11)
FNDA:0,(anonymous_12)
FNDA:0,(anonymous_13)
FNDA:0,(anonymous_14)
FNDA:0,(anonymous_15)
FNDA:0,(anonymous_16)
FNDA:0,(anonymous_17)
FNDA:0,(anonymous_18)
FNDA:0,(anonymous_19)
DA:1,1
DA:2,1
DA:3,1
DA:4,1
DA:8,1
DA:9,1
DA:11,1
DA:13,1
DA:14,1
DA:17,1
DA:20,0
DA:21,0
DA:22,0
DA:24,0
DA:30,1
DA:33,0
DA:34,0
DA:35,0
DA:36,0
DA:38,0
DA:44,1
DA:48,0
DA:49,0
DA:50,0
DA:52,0
DA:58,1
DA:62,0
DA:63,0
DA:64,0
DA:66,0
DA:73,1
DA:76,0
DA:77,0
DA:78,0
DA:80,0
DA:86,1
DA:89,0
DA:90,0
DA:91,0
DA:93,0
DA:98,1
LF:41
LH:16
BRF:0
BRH:0
end_of_record
TN:
SF:src\api\routes\task.router.ts
FN:20,(anonymous_8)
FN:20,(anonymous_9)
FN:33,(anonymous_10)
FN:33,(anonymous_11)
FN:48,(anonymous_12)
FN:48,(anonymous_13)
FN:62,(anonymous_14)
FN:62,(anonymous_15)
FN:76,(anonymous_16)
FN:76,(anonymous_17)
FN:90,(anonymous_18)
FN:90,(anonymous_19)
FN:103,(anonymous_20)
FN:103,(anonymous_21)
FNF:14
FNH:12
FNDA:0,(anonymous_8)
FNDA:0,(anonymous_9)
FNDA:1,(anonymous_10)
FNDA:1,(anonymous_11)
FNDA:1,(anonymous_12)
FNDA:1,(anonymous_13)
FNDA:1,(anonymous_14)
FNDA:1,(anonymous_15)
FNDA:1,(anonymous_16)
FNDA:1,(anonymous_17)
FNDA:1,(anonymous_18)
FNDA:1,(anonymous_19)
FNDA:1,(anonymous_20)
FNDA:1,(anonymous_21)
DA:1,1
DA:2,1
DA:3,1
DA:4,1
DA:8,1
DA:9,1
DA:11,1
DA:13,1
DA:14,1
DA:17,1
DA:20,0
DA:21,0
DA:22,0
DA:24,0
DA:30,1
DA:33,1
DA:34,1
DA:35,1
DA:36,1
DA:38,0
DA:44,1
DA:48,1
DA:49,1
DA:50,1
DA:52,0
DA:58,1
DA:62,1
DA:63,1
DA:64,1
DA:66,0
DA:72,1
DA:76,1
DA:77,1
DA:78,1
DA:80,0
DA:87,1
DA:90,1
DA:91,1
DA:92,1
DA:94,0
DA:100,1
DA:103,1
DA:104,1
DA:105,1
DA:107,0
DA:112,1
LF:46
LH:36
BRF:0
BRH:0
end_of_record
TN:
SF:src\api\routes\user.router.ts
FN:17,(anonymous_8)
FN:17,(anonymous_9)
FN:31,(anonymous_10)
FN:31,(anonymous_11)
FN:45,(anonymous_12)
FN:45,(anonymous_13)
FN:58,(anonymous_14)
FN:58,(anonymous_15)
FN:71,(anonymous_16)
FN:71,(anonymous_17)
FNF:10
FNH:0
FNDA:0,(anonymous_8)
FNDA:0,(anonymous_9)
FNDA:0,(anonymous_10)
FNDA:0,(anonymous_11)
FNDA:0,(anonymous_12)
FNDA:0,(anonymous_13)
FNDA:0,(anonymous_14)
FNDA:0,(anonymous_15)
FNDA:0,(anonymous_16)
FNDA:0,(anonymous_17)
DA:1,1
DA:2,1
DA:3,1
DA:4,1
DA:5,1
DA:6,1
DA:8,1
DA:10,1
DA:11,1
DA:14,1
DA:17,0
DA:18,0
DA:19,0
DA:21,0
DA:27,1
DA:31,0
DA:32,0
DA:33,0
DA:35,0
DA:41,1
DA:45,0
DA:46,0
DA:47,0
DA:49,0
DA:55,1
DA:58,0
DA:59,0
DA:60,0
DA:62,0
DA:68,1
DA:71,0
DA:72,0
DA:73,0
DA:75,0
DA:80,1
LF:35
LH:15
BRF:0
BRH:0
end_of_record
TN:
SF:src\api\services\auth.service.ts
FN:11,(anonymous_8)
FN:13,(anonymous_9)
FN:13,(anonymous_10)
FN:52,(anonymous_11)
FN:52,(anonymous_12)
FN:91,(anonymous_13)
FN:91,(anonymous_14)
FN:104,(anonymous_15)
FN:104,(anonymous_16)
FNF:9
FNH:1
FNDA:1,(anonymous_8)
FNDA:0,(anonymous_9)
FNDA:0,(anonymous_10)
FNDA:0,(anonymous_11)
FNDA:0,(anonymous_12)
FNDA:0,(anonymous_13)
FNDA:0,(anonymous_14)
FNDA:0,(anonymous_15)
FNDA:0,(anonymous_16)
DA:2,1
DA:3,1
DA:6,1
DA:7,1
DA:8,1
DA:10,1
DA:11,1
DA:13,1
DA:15,0
DA:16,0
DA:17,0
DA:25,0
DA:26,0
DA:27,0
DA:35,0
DA:38,0
DA:44,0
DA:49,0
DA:52,1
DA:54,0
DA:55,0
DA:56,0
DA:64,0
DA:68,0
DA:69,0
DA:77,0
DA:84,0
DA:88,0
DA:91,1
DA:92,0
DA:93,0
DA:94,0
DA:101,0
DA:104,1
LF:34
LH:11
BRDA:16,0,0,0
BRDA:26,1,0,0
BRDA:55,2,0,0
BRDA:68,3,0,0
BRDA:93,4,0,0
BRF:5
BRH:0
end_of_record
TN:
SF:src\api\validators\auth.validator.ts
FN:7,(anonymous_1)
FN:40,(anonymous_2)
FN:50,(anonymous_3)
FN:66,(anonymous_4)
FNF:4
FNH:0
FNDA:0,(anonymous_1)
FNDA:0,(anonymous_2)
FNDA:0,(anonymous_3)
FNDA:0,(anonymous_4)
DA:2,1
DA:3,1
DA:4,1
DA:7,1
DA:12,0
DA:27,0
DA:34,0
DA:36,0
DA:37,0
DA:40,0
DA:44,0
DA:47,0
DA:50,1
DA:55,0
DA:60,0
DA:62,0
DA:63,0
DA:66,0
DA:70,0
DA:73,0
LF:20
LH:5
BRDA:36,0,0,0
BRDA:62,1,0,0
BRF:2
BRH:0
end_of_record
TN:
SF:src\api\validators\common.validator.ts
FN:6,(anonymous_1)
FN:22,(anonymous_2)
FNF:2
FNH:2
FNDA:6,(anonymous_1)
FNDA:3,(anonymous_2)
DA:2,1
DA:3,1
DA:4,1
DA:6,1
DA:11,6
DA:14,6
DA:17,6
DA:18,6
DA:19,3
DA:22,3
DA:26,3
DA:27,3
LF:12
LH:12
BRDA:18,0,0,3
BRF:1
BRH:1
end_of_record
TN:
SF:src\api\validators\project.validator.ts
FN:7,(anonymous_1)
FN:29,(anonymous_2)
FN:39,(anonymous_3)
FN:61,(anonymous_4)
FNF:4
FNH:0
FNDA:0,(anonymous_1)
FNDA:0,(anonymous_2)
FNDA:0,(anonymous_3)
FNDA:0,(anonymous_4)
DA:1,1
DA:3,1
DA:4,1
DA:5,1
DA:7,1
DA:12,0
DA:23,0
DA:25,0
DA:26,0
DA:29,0
DA:33,0
DA:36,0
DA:39,1
DA:44,0
DA:55,0
DA:57,0
DA:58,0
DA:61,0
DA:65,0
DA:68,0
LF:20
LH:6
BRDA:25,0,0,0
BRDA:57,1,0,0
BRF:2
BRH:0
end_of_record
TN:
SF:src\api\validators\task.validator.ts
FN:7,(anonymous_1)
FN:30,(anonymous_2)
FN:40,(anonymous_3)
FN:63,(anonymous_4)
FNF:4
FNH:3
FNDA:1,(anonymous_1)
FNDA:1,(anonymous_2)
FNDA:2,(anonymous_3)
FNDA:0,(anonymous_4)
DA:1,1
DA:3,1
DA:4,1
DA:5,1
DA:7,1
DA:12,1
DA:24,1
DA:26,1
DA:27,1
DA:30,1
DA:34,0
DA:37,0
DA:40,1
DA:45,2
DA:57,2
DA:59,2
DA:60,0
DA:63,0
DA:67,2
DA:70,2
LF:20
LH:16
BRDA:26,0,0,1
BRDA:59,1,0,0
BRF:2
BRH:1
end_of_record
TN:
SF:src\api\validators\user.validator.ts
FN:7,(anonymous_1)
FN:29,(anonymous_2)
FNF:2
FNH:0
FNDA:0,(anonymous_1)
FNDA:0,(anonymous_2)
DA:2,1
DA:3,1
DA:4,1
DA:5,1
DA:7,1
DA:12,0
DA:15,0
DA:23,0
DA:25,0
DA:26,0
DA:29,0
DA:33,0
DA:36,0
LF:13
LH:5
BRDA:25,0,0,0
BRF:1
BRH:0
end_of_record
